30-Apr-2023 08:22:22.987 INFO [main] org.apache.catalina.core.ApplicationContext.log ContextListener: contextInitialized()
30-Apr-2023 08:22:22.989 INFO [main] org.apache.catalina.core.ApplicationContext.log SessionListener: contextInitialized()
30-Apr-2023 08:22:22.995 INFO [main] org.apache.catalina.core.ApplicationContext.log ContextListener: attributeAdded('StockTicker', 'async.Stockticker@4efcf8a')
30-Apr-2023 08:27:54.893 INFO [main] org.apache.catalina.core.ApplicationContext.log ContextListener: contextInitialized()
30-Apr-2023 08:27:54.899 INFO [main] org.apache.catalina.core.ApplicationContext.log SessionListener: contextInitialized()
30-Apr-2023 08:27:54.900 INFO [main] org.apache.catalina.core.ApplicationContext.log ContextListener: attributeAdded('StockTicker', 'async.Stockticker@7caa550')
30-Apr-2023 08:27:54.950 INFO [main] org.apache.catalina.core.ApplicationContext.log SessionListener: contextDestroyed()
30-Apr-2023 08:27:54.954 INFO [main] org.apache.catalina.core.ApplicationContext.log ContextListener: contextDestroyed()
30-Apr-2023 09:16:19.605 INFO [Thread-1] org.apache.catalina.core.ApplicationContext.log SessionListener: contextDestroyed()
30-Apr-2023 09:16:19.605 INFO [Thread-1] org.apache.catalina.core.ApplicationContext.log ContextListener: contextDestroyed()
30-Apr-2023 12:19:52.105 INFO [main] org.apache.catalina.core.ApplicationContext.log ContextListener: contextInitialized()
30-Apr-2023 12:19:52.106 INFO [main] org.apache.catalina.core.ApplicationContext.log SessionListener: contextInitialized()
30-Apr-2023 12:19:52.109 INFO [main] org.apache.catalina.core.ApplicationContext.log ContextListener: attributeAdded('StockTicker', 'async.Stockticker@379ab47b')
30-Apr-2023 14:04:19.039 INFO [main] org.apache.catalina.core.ApplicationContext.log SessionListener: contextDestroyed()
30-Apr-2023 14:04:19.039 INFO [main] org.apache.catalina.core.ApplicationContext.log ContextListener: contextDestroyed()
30-Apr-2023 16:10:56.921 INFO [main] org.apache.catalina.core.ApplicationContext.log ContextListener: contextInitialized()
30-Apr-2023 16:10:56.926 INFO [main] org.apache.catalina.core.ApplicationContext.log SessionListener: contextInitialized()
30-Apr-2023 16:10:56.927 INFO [main] org.apache.catalina.core.ApplicationContext.log ContextListener: attributeAdded('StockTicker', 'async.Stockticker@1ee4730')
30-Apr-2023 16:49:22.030 INFO [main] org.apache.catalina.core.ApplicationContext.log SessionListener: contextDestroyed()
30-Apr-2023 16:49:22.030 INFO [main] org.apache.catalina.core.ApplicationContext.log ContextListener: contextDestroyed()
30-Apr-2023 16:49:30.279 INFO [main] org.apache.catalina.core.ApplicationContext.log ContextListener: contextInitialized()
30-Apr-2023 16:49:30.280 INFO [main] org.apache.catalina.core.ApplicationContext.log SessionListener: contextInitialized()
30-Apr-2023 16:49:30.281 INFO [main] org.apache.catalina.core.ApplicationContext.log ContextListener: attributeAdded('StockTicker', 'async.Stockticker@55e7a35c')
30-Apr-2023 16:54:29.837 INFO [main] org.apache.catalina.core.ApplicationContext.log SessionListener: contextDestroyed()
30-Apr-2023 16:54:29.837 INFO [main] org.apache.catalina.core.ApplicationContext.log ContextListener: contextDestroyed()
30-Apr-2023 16:54:44.841 INFO [main] org.apache.catalina.core.ApplicationContext.log ContextListener: contextInitialized()
30-Apr-2023 16:54:44.842 INFO [main] org.apache.catalina.core.ApplicationContext.log SessionListener: contextInitialized()
30-Apr-2023 16:54:44.843 INFO [main] org.apache.catalina.core.ApplicationContext.log ContextListener: attributeAdded('StockTicker', 'async.Stockticker@7d61eccf')
30-Apr-2023 17:06:38.294 INFO [main] org.apache.catalina.core.ApplicationContext.log ContextListener: contextInitialized()
30-Apr-2023 17:06:38.295 INFO [main] org.apache.catalina.core.ApplicationContext.log SessionListener: contextInitialized()
30-Apr-2023 17:06:38.296 INFO [main] org.apache.catalina.core.ApplicationContext.log ContextListener: attributeAdded('StockTicker', 'async.Stockticker@72b16078')
30-Apr-2023 17:06:38.347 INFO [main] org.apache.catalina.core.ApplicationContext.log SessionListener: contextDestroyed()
30-Apr-2023 17:06:38.348 INFO [main] org.apache.catalina.core.ApplicationContext.log ContextListener: contextDestroyed()
30-Apr-2023 17:06:40.474 INFO [main] org.apache.catalina.core.ApplicationContext.log SessionListener: contextDestroyed()
30-Apr-2023 17:06:40.474 INFO [main] org.apache.catalina.core.ApplicationContext.log ContextListener: contextDestroyed()
30-Apr-2023 17:06:46.208 INFO [main] org.apache.catalina.core.ApplicationContext.log ContextListener: contextInitialized()
30-Apr-2023 17:06:46.209 INFO [main] org.apache.catalina.core.ApplicationContext.log SessionListener: contextInitialized()
30-Apr-2023 17:06:46.210 INFO [main] org.apache.catalina.core.ApplicationContext.log ContextListener: attributeAdded('StockTicker', 'async.Stockticker@3d3f761a')
30-Apr-2023 17:37:54.394 INFO [main] org.apache.catalina.core.ApplicationContext.log ContextListener: contextInitialized()
30-Apr-2023 17:37:54.395 INFO [main] org.apache.catalina.core.ApplicationContext.log SessionListener: contextInitialized()
30-Apr-2023 17:37:54.396 INFO [main] org.apache.catalina.core.ApplicationContext.log ContextListener: attributeAdded('StockTicker', 'async.Stockticker@7caa550')
30-Apr-2023 17:37:54.449 INFO [main] org.apache.catalina.core.ApplicationContext.log SessionListener: contextDestroyed()
30-Apr-2023 17:37:54.450 INFO [main] org.apache.catalina.core.ApplicationContext.log ContextListener: contextDestroyed()
30-Apr-2023 17:38:02.435 INFO [main] org.apache.catalina.core.ApplicationContext.log SessionListener: contextDestroyed()
30-Apr-2023 17:38:02.435 INFO [main] org.apache.catalina.core.ApplicationContext.log ContextListener: contextDestroyed()
