30-Apr-2023 12:20:16.444 INFO [http-nio-8090-exec-10] org.apache.catalina.core.ApplicationContext.log HTMLManager: init: Associated with Deployer 'Catalina:type=Deployer,host=localhost'
30-Apr-2023 12:20:16.445 INFO [http-nio-8090-exec-10] org.apache.catalina.core.ApplicationContext.log HTMLManager: init: Global resources are available
30-Apr-2023 12:20:16.452 INFO [http-nio-8090-exec-10] org.apache.catalina.core.ApplicationContext.log HTMLManager: list: Listing contexts for virtual host 'localhost'
30-Apr-2023 12:22:55.658 INFO [http-nio-8090-exec-9] org.apache.catalina.core.ApplicationContext.log HTMLManager: list: Listing contexts for virtual host 'localhost'
30-Apr-2023 12:23:27.232 INFO [http-nio-8090-exec-8] org.apache.catalina.core.ApplicationContext.log HTMLManager: list: Listing contexts for virtual host 'localhost'
30-Apr-2023 12:29:45.171 INFO [http-nio-8090-exec-1] org.apache.catalina.core.ApplicationContext.log HTMLManager: list: Listing contexts for virtual host 'localhost'
30-Apr-2023 12:29:53.277 INFO [http-nio-8090-exec-6] org.apache.catalina.core.ApplicationContext.log HTMLManager: list: Listing contexts for virtual host 'localhost'
30-Apr-2023 12:30:27.440 INFO [http-nio-8090-exec-7] org.apache.catalina.core.ApplicationContext.log HTMLManager: list: Listing contexts for virtual host 'localhost'
30-Apr-2023 12:30:40.659 INFO [http-nio-8090-exec-4] org.apache.catalina.core.ApplicationContext.log HTMLManager: stop: Stopping web application '/'
30-Apr-2023 12:30:40.686 INFO [http-nio-8090-exec-4] org.apache.catalina.core.ApplicationContext.log HTMLManager: list: Listing contexts for virtual host 'localhost'
30-Apr-2023 12:30:46.876 INFO [http-nio-8090-exec-6] org.apache.catalina.core.ApplicationContext.log HTMLManager: start: Starting web application '/'
30-Apr-2023 12:30:46.911 INFO [http-nio-8090-exec-6] org.apache.catalina.core.ApplicationContext.log HTMLManager: list: Listing contexts for virtual host 'localhost'
30-Apr-2023 13:48:27.559 INFO [http-nio-8090-exec-14] org.apache.catalina.core.ApplicationContext.log HTMLManager: list: Listing contexts for virtual host 'localhost'
30-Apr-2023 13:48:37.806 INFO [http-nio-8090-exec-17] org.apache.catalina.core.ApplicationContext.log HTMLManager: sessions: Session information for web application '/calendar'
30-Apr-2023 13:48:37.807 INFO [http-nio-8090-exec-17] org.apache.catalina.core.ApplicationContext.log HTMLManager: sessions: Session expiration for 30 minutes '/calendar'
30-Apr-2023 13:48:37.807 INFO [http-nio-8090-exec-17] org.apache.catalina.core.ApplicationContext.log HTMLManager: list: Listing contexts for virtual host 'localhost'
30-Apr-2023 13:48:50.245 INFO [http-nio-8090-exec-19] org.apache.catalina.core.ApplicationContext.log HTMLManager: undeploy: Undeploying web application at '/calendar'
30-Apr-2023 13:48:50.785 INFO [http-nio-8090-exec-19] org.apache.catalina.core.ApplicationContext.log HTMLManager: list: Listing contexts for virtual host 'localhost'
30-Apr-2023 16:11:30.514 INFO [http-nio-8090-exec-1] org.apache.catalina.core.ApplicationContext.log HTMLManager: init: Associated with Deployer 'Catalina:type=Deployer,host=localhost'
30-Apr-2023 16:11:30.516 INFO [http-nio-8090-exec-1] org.apache.catalina.core.ApplicationContext.log HTMLManager: init: Global resources are available
30-Apr-2023 16:11:30.527 INFO [http-nio-8090-exec-1] org.apache.catalina.core.ApplicationContext.log HTMLManager: list: Listing contexts for virtual host 'localhost'
30-Apr-2023 16:50:02.596 INFO [http-nio-8090-exec-3] org.apache.catalina.core.ApplicationContext.log HTMLManager: init: Associated with Deployer 'Catalina:type=Deployer,host=localhost'
30-Apr-2023 16:50:02.602 INFO [http-nio-8090-exec-3] org.apache.catalina.core.ApplicationContext.log HTMLManager: init: Global resources are available
30-Apr-2023 16:50:02.622 INFO [http-nio-8090-exec-3] org.apache.catalina.core.ApplicationContext.log HTMLManager: list: Listing contexts for virtual host 'localhost'
30-Apr-2023 16:50:38.102 INFO [http-nio-8090-exec-6] org.apache.catalina.core.ApplicationContext.log HTMLManager: list: Listing contexts for virtual host 'localhost'
30-Apr-2023 16:50:40.728 INFO [http-nio-8090-exec-7] org.apache.catalina.core.ApplicationContext.log HTMLManager: list: Listing contexts for virtual host 'localhost'
30-Apr-2023 16:50:42.573 INFO [http-nio-8090-exec-8] org.apache.catalina.core.ApplicationContext.log HTMLManager: list: Listing contexts for virtual host 'localhost'
30-Apr-2023 16:50:43.311 INFO [http-nio-8090-exec-9] org.apache.catalina.core.ApplicationContext.log HTMLManager: list: Listing contexts for virtual host 'localhost'
30-Apr-2023 16:54:59.951 INFO [http-nio-8090-exec-1] org.apache.catalina.core.ApplicationContext.log HTMLManager: init: Associated with Deployer 'Catalina:type=Deployer,host=localhost'
30-Apr-2023 16:54:59.951 INFO [http-nio-8090-exec-1] org.apache.catalina.core.ApplicationContext.log HTMLManager: init: Global resources are available
30-Apr-2023 16:54:59.967 INFO [http-nio-8090-exec-1] org.apache.catalina.core.ApplicationContext.log HTMLManager: list: Listing contexts for virtual host 'localhost'
30-Apr-2023 16:55:03.844 INFO [http-nio-8090-exec-2] org.apache.catalina.core.ApplicationContext.log HTMLManager: list: Listing contexts for virtual host 'localhost'
30-Apr-2023 16:55:04.660 INFO [http-nio-8090-exec-3] org.apache.catalina.core.ApplicationContext.log HTMLManager: list: Listing contexts for virtual host 'localhost'
30-Apr-2023 16:55:31.665 INFO [http-nio-8090-exec-7] org.apache.catalina.core.ApplicationContext.log HTMLManager: list: Listing contexts for virtual host 'localhost'
30-Apr-2023 17:05:41.741 INFO [http-nio-8090-exec-1] org.apache.catalina.core.ApplicationContext.log HTMLManager: list: Listing contexts for virtual host 'localhost'
30-Apr-2023 17:06:49.339 INFO [http-nio-8090-exec-1] org.apache.catalina.core.ApplicationContext.log HTMLManager: init: Associated with Deployer 'Catalina:type=Deployer,host=localhost'
30-Apr-2023 17:06:49.340 INFO [http-nio-8090-exec-1] org.apache.catalina.core.ApplicationContext.log HTMLManager: init: Global resources are available
30-Apr-2023 17:06:49.462 INFO [http-nio-8090-exec-1] org.apache.catalina.core.ApplicationContext.log HTMLManager: list: Listing contexts for virtual host 'localhost'
30-Apr-2023 17:06:56.737 INFO [http-nio-8090-exec-4] org.apache.catalina.core.ApplicationContext.log HTMLManager: list: Listing contexts for virtual host 'localhost'
30-Apr-2023 17:07:22.839 INFO [http-nio-8090-exec-8] org.apache.catalina.core.ApplicationContext.log HTMLManager: list: Listing contexts for virtual host 'localhost'
30-Apr-2023 17:07:28.548 INFO [http-nio-8090-exec-1] org.apache.catalina.core.ApplicationContext.log HTMLManager: undeploy: Undeploying web application at '/calculator-1.0-SNAPSHOT'
30-Apr-2023 17:07:29.069 INFO [http-nio-8090-exec-1] org.apache.catalina.core.ApplicationContext.log HTMLManager: list: Listing contexts for virtual host 'localhost'
30-Apr-2023 17:08:10.075 INFO [http-nio-8090-exec-8] org.apache.catalina.core.ApplicationContext.log HTMLManager: list: Listing contexts for virtual host 'localhost'
30-Apr-2023 17:08:22.357 INFO [http-nio-8090-exec-10] org.apache.catalina.core.ApplicationContext.log HTMLManager: undeploy: Undeploying web application at '/calculator-1.0-SNAPSHOT'
30-Apr-2023 17:08:22.870 INFO [http-nio-8090-exec-10] org.apache.catalina.core.ApplicationContext.log HTMLManager: list: Listing contexts for virtual host 'localhost'
